d:\git\battlecity_directx\battlecity\debug\vc141.pdb
d:\git\battlecity_directx\battlecity\debug\vc141.idb
d:\git\battlecity_directx\battlecity\debug\animation.obj
d:\git\battlecity_directx\battlecity\debug\camera.obj
d:\git\battlecity_directx\battlecity\debug\entity.obj
d:\git\battlecity_directx\battlecity\debug\game.obj
d:\git\battlecity_directx\battlecity\debug\gameglobal.obj
d:\git\battlecity_directx\battlecity\debug\gametime.obj
d:\git\battlecity_directx\battlecity\debug\main.obj
d:\git\battlecity_directx\battlecity\debug\memorybitstream.obj
d:\git\battlecity_directx\battlecity\debug\player.obj
d:\git\battlecity_directx\battlecity\debug\scene.obj
d:\git\battlecity_directx\battlecity\debug\scenemanager.obj
d:\git\battlecity_directx\battlecity\debug\sprite.obj
d:\git\battlecity_directx\battlecity\debug\testscene.obj
d:\git\battlecity_directx\battlecity\debug\waitroomscene.obj
d:\git\battlecity_directx\battlecity\debug\gamemap.obj
d:\git\battlecity_directx\battlecity\debug\base64.obj
d:\git\battlecity_directx\battlecity\debug\tinyxml2.obj
d:\git\battlecity_directx\battlecity\debug\tmxellipse.obj
d:\git\battlecity_directx\battlecity\debug\tmximage.obj
d:\git\battlecity_directx\battlecity\debug\tmximagelayer.obj
d:\git\battlecity_directx\battlecity\debug\tmxlayer.obj
d:\git\battlecity_directx\battlecity\debug\tmxmap.obj
d:\git\battlecity_directx\battlecity\debug\tmxobject.obj
d:\git\battlecity_directx\battlecity\debug\tmxobjectgroup.obj
d:\git\battlecity_directx\battlecity\debug\tmxpropertyset.obj
d:\git\battlecity_directx\battlecity\debug\tmxterrain.obj
d:\git\battlecity_directx\battlecity\debug\tmxterrainarray.obj
d:\git\battlecity_directx\battlecity\debug\tmxtile.obj
d:\git\battlecity_directx\battlecity\debug\tmxtileoffset.obj
d:\git\battlecity_directx\battlecity\debug\tmxtileset.obj
d:\git\battlecity_directx\battlecity\debug\tmxutil.obj
d:\git\battlecity_directx\battlecity\debug\miniz.obj
d:\git\battlecity_directx\battlecity\debug\tmxpolygon.obj
d:\git\battlecity_directx\battlecity\debug\tmxpolyline.obj
d:\git\battlecity_directx\battlecity\debug\tmxtilelayer.obj
d:\git\battlecity_directx\battlecity\debug\bullet.obj
d:\git\battlecity_directx\battlecity\debug\testtiepscene.obj
d:\git\battlecity_directx\battlecity\debug\gamecollision.obj
d:\git\battlecity_directx\battlecity\debug\boundary.obj
d:\git\battlecity_directx\battlecity\debug\brick.obj
d:\git\battlecity_directx\battlecity\debug\bricknormal.obj
d:\git\battlecity_directx\battlecity\debug\metalbrick.obj
d:\git\battlecity_directx\battlecity\debug\water.obj
d:\git\battlecity_directx\battlecity\debug\gamedebugdraw.obj
d:\git\battlecity_directx\battlecity\debug\gamelog.obj
d:\git\battlecity_directx\battlecity\debug\quadtree.obj
d:\git\battlecity_directx\debug\battlecity.exe
d:\git\battlecity_directx\debug\battlecity.ilk
d:\git\battlecity_directx\debug\battlecity.pdb
d:\git\battlecity_directx\battlecity\debug\entity.obj.enc
d:\git\battlecity_directx\battlecity\debug\gamemap.obj.enc
d:\git\battlecity_directx\battlecity\debug\testscene.obj.enc
d:\git\battlecity_directx\battlecity\debug\battlecity.tlog\cl.command.1.tlog
d:\git\battlecity_directx\battlecity\debug\battlecity.tlog\cl.read.1.tlog
d:\git\battlecity_directx\battlecity\debug\battlecity.tlog\cl.write.1.tlog
d:\git\battlecity_directx\battlecity\debug\battlecity.tlog\link.command.1.tlog
d:\git\battlecity_directx\battlecity\debug\battlecity.tlog\link.read.1.tlog
d:\git\battlecity_directx\battlecity\debug\battlecity.tlog\link.write.1.tlog
